Added Component: Designator=C1(CAPC1206(3216)190_N)
Add component (AddParameter): Name = "Case-EIA"; Value = "1206"; VariantName = "[No Variations]"
Add component (AddParameter): Name = "Case-Metric"; Value = "3216"; VariantName = "[No Variations]"
Add component (AddParameter): Name = "Max Thickness"; Value = "1.9 mm"; VariantName = "[No Variations]"
Add component (AddParameter): Name = "Rated Voltage"; Value = "6.3 V"; VariantName = "[No Variations]"
Add component (AddParameter): Name = "Technology"; Value = "SMT"; VariantName = "[No Variations]"
Add component (AddParameter): Name = "Tolerance"; Value = "A±10%"; VariantName = "[No Variations]"
Add component (AddParameter): Name = "Value"; Value = "10uF"; VariantName = "[No Variations]"
Added Component: Designator=C2(PNSC-FK-V-D_V)
Add component (AddParameter): Name = "Capacitance"; Value = "10µF"; VariantName = "[No Variations]"
Add component (AddParameter): Name = "Case Size/Dimension"; Value = "O6.3x5.8mm"; VariantName = "[No Variations]"
Add component (AddParameter): Name = "Datasheet URL"; Value = "http://industrial.panasonic.com/cdbs/www-data/pdf/RDE0000/ABA0000C1181.pdf"; VariantName = "[No Variations]"
Add component (AddParameter): Name = "Datasheet Version"; Value = "03/2016"; VariantName = "[No Variations]"
Add component (AddParameter): Name = "Impedance"; Value = "0.88O"; VariantName = "[No Variations]"
Add component (AddParameter): Name = "Lifetime@Temperature"; Value = "2000Hrs@105°C"; VariantName = "[No Variations]"
Add component (AddParameter): Name = "Manufacturer"; Value = "Panasonic"; VariantName = "[No Variations]"
Add component (AddParameter): Name = "Manufacturer URL"; Value = "http://www.panasonic.com/"; VariantName = "[No Variations]"
Add component (AddParameter): Name = "Mounting Technology"; Value = "SurfaceMount"; VariantName = "[No Variations]"
Add component (AddParameter): Name = "Operating Temp Range"; Value = "-55to+105°C"; VariantName = "[No Variations]"
Add component (AddParameter): Name = "Operating Temp-Max"; Value = "105°C"; VariantName = "[No Variations]"
Add component (AddParameter): Name = "Package Description"; Value = "2-Pin Electrolytic Aluminum Capacitor, Body 6.6 x 6.6 mm"; VariantName = "[No Variations]"
Add component (AddParameter): Name = "Package Reference"; Value = "FK-V-D"; VariantName = "[No Variations]"
Add component (AddParameter): Name = "Package URL"; Value = "http://industrial.panasonic.com/cdbs/www-data/pdf/RDE0000/DME0000COL48.pdf"; VariantName = "[No Variations]"
Add component (AddParameter): Name = "Rated Voltage"; Value = "50V"; VariantName = "[No Variations]"
Add component (AddParameter): Name = "Ripple Current"; Value = "165mA"; VariantName = "[No Variations]"
Add component (AddParameter): Name = "Series"; Value = "FK"; VariantName = "[No Variations]"
Add component (AddParameter): Name = "Type"; Value = "Can"; VariantName = "[No Variations]"
Added Component: Designator=C3(PNSC-FK-V-D_V)
Add component (AddParameter): Name = "Capacitance"; Value = "10µF"; VariantName = "[No Variations]"
Add component (AddParameter): Name = "Case Size/Dimension"; Value = "O6.3x5.8mm"; VariantName = "[No Variations]"
Add component (AddParameter): Name = "Datasheet URL"; Value = "http://industrial.panasonic.com/cdbs/www-data/pdf/RDE0000/ABA0000C1181.pdf"; VariantName = "[No Variations]"
Add component (AddParameter): Name = "Datasheet Version"; Value = "03/2016"; VariantName = "[No Variations]"
Add component (AddParameter): Name = "Impedance"; Value = "0.88O"; VariantName = "[No Variations]"
Add component (AddParameter): Name = "Lifetime@Temperature"; Value = "2000Hrs@105°C"; VariantName = "[No Variations]"
Add component (AddParameter): Name = "Manufacturer"; Value = "Panasonic"; VariantName = "[No Variations]"
Add component (AddParameter): Name = "Manufacturer URL"; Value = "http://www.panasonic.com/"; VariantName = "[No Variations]"
Add component (AddParameter): Name = "Mounting Technology"; Value = "SurfaceMount"; VariantName = "[No Variations]"
Add component (AddParameter): Name = "Operating Temp Range"; Value = "-55to+105°C"; VariantName = "[No Variations]"
Add component (AddParameter): Name = "Operating Temp-Max"; Value = "105°C"; VariantName = "[No Variations]"
Add component (AddParameter): Name = "Package Description"; Value = "2-Pin Electrolytic Aluminum Capacitor, Body 6.6 x 6.6 mm"; VariantName = "[No Variations]"
Add component (AddParameter): Name = "Package Reference"; Value = "FK-V-D"; VariantName = "[No Variations]"
Add component (AddParameter): Name = "Package URL"; Value = "http://industrial.panasonic.com/cdbs/www-data/pdf/RDE0000/DME0000COL48.pdf"; VariantName = "[No Variations]"
Add component (AddParameter): Name = "Rated Voltage"; Value = "50V"; VariantName = "[No Variations]"
Add component (AddParameter): Name = "Ripple Current"; Value = "165mA"; VariantName = "[No Variations]"
Add component (AddParameter): Name = "Series"; Value = "FK"; VariantName = "[No Variations]"
Add component (AddParameter): Name = "Type"; Value = "Can"; VariantName = "[No Variations]"
Added Component: Designator=HEADER(61304021121)
Add component (AddParameter): Name = "Contact Resistance"; Value = "20mOhm"; VariantName = "[No Variations]"
Add component (AddParameter): Name = "Datasheet URL"; Value = "https://katalog.we-online.de/em/datasheet/6130xx21121.pdf"; VariantName = "[No Variations]"
Add component (AddParameter): Name = "Gender"; Value = "Male"; VariantName = "[No Variations]"
Add component (AddParameter): Name = "Manufacturer"; Value = "Wurth Elektronik"; VariantName = "[No Variations]"
Add component (AddParameter): Name = "Manufacturer URL"; Value = "http://www.we-online.de"; VariantName = "[No Variations]"
Add component (AddParameter): Name = "Mounting Technology"; Value = "THT"; VariantName = "[No Variations]"
Add component (AddParameter): Name = "Operating Temperature"; Value = "-40to105degC"; VariantName = "[No Variations]"
Add component (AddParameter): Name = "Orientation"; Value = "Vertical"; VariantName = "[No Variations]"
Add component (AddParameter): Name = "Package Reference"; Value = "61304021121"; VariantName = "[No Variations]"
Add component (AddParameter): Name = "Packaging"; Value = "Bag"; VariantName = "[No Variations]"
Add component (AddParameter): Name = "Part Number"; Value = "61304021121"; VariantName = "[No Variations]"
Add component (AddParameter): Name = "Pin Number"; Value = "40"; VariantName = "[No Variations]"
Add component (AddParameter): Name = "Pitch"; Value = "2.54mm"; VariantName = "[No Variations]"
Add component (AddParameter): Name = "Publisher"; Value = "WurthElektronik"; VariantName = "[No Variations]"
Add component (AddParameter): Name = "Rated Current"; Value = "3A"; VariantName = "[No Variations]"
Add component (AddParameter): Name = "Row Number"; Value = "Dual"; VariantName = "[No Variations]"
Add component (AddParameter): Name = "Withstanding Voltage"; Value = "500VAC"; VariantName = "[No Variations]"
Add component (AddParameter): Name = "Working Voltage"; Value = "250VAC"; VariantName = "[No Variations]"
Added Component: Designator=J1(TIVA)
Added Component: Designator=JOYSTICK(joystick)
Added Component: Designator=NOKIA5110LCD(NOKIA5110)
Added Component: Designator=PWR(1206_A)
Add component (AddParameter): Name = "Color"; Value = "Super Red"; VariantName = "[No Variations]"
Add component (AddParameter): Name = "ComponentLink1Description"; Value = "Manufacturer URL"; VariantName = "[No Variations]"
Add component (AddParameter): Name = "ComponentLink1URL"; Value = "http://www.we-online.com"; VariantName = "[No Variations]"
Add component (AddParameter): Name = "ComponentLink2Description"; Value = "Datasheet"; VariantName = "[No Variations]"
Add component (AddParameter): Name = "ComponentLink2URL"; Value = "http://katalog.we-online.com/led/datasheet/150120SS75000.pdf"; VariantName = "[No Variations]"
Add component (AddParameter): Name = "Manufacturer"; Value = "Wuerth Elektronik"; VariantName = "[No Variations]"
Add component (AddParameter): Name = "PackageReference"; Value = "1206_A"; VariantName = "[No Variations]"
Add component (AddParameter): Name = "PartNumber"; Value = "150120SS75000"; VariantName = "[No Variations]"
Added Component: Designator=R1(RESC2013X60X40ML20T25)
Add component (AddParameter): Name = "Manufacturer"; Value = "Panasonic"; VariantName = "[No Variations]"
Add component (AddParameter): Name = "Part Number"; Value = "ERA6AEB123V"; VariantName = "[No Variations]"
Added Component: Designator=R2(RESC2013X60X40ML20T25)
Add component (AddParameter): Name = "Manufacturer"; Value = "Panasonic"; VariantName = "[No Variations]"
Add component (AddParameter): Name = "Part Number"; Value = "ERA6AEB123V"; VariantName = "[No Variations]"
Added Component: Designator=R3(RESC1206(3216)_N)
Add component (AddParameter): Name = "Case-EIA"; Value = "1206"; VariantName = "[No Variations]"
Add component (AddParameter): Name = "Case-Metric"; Value = "3216"; VariantName = "[No Variations]"
Add component (AddParameter): Name = "Power"; Value = "0.25 W"; VariantName = "[No Variations]"
Add component (AddParameter): Name = "Technology"; Value = "SMT"; VariantName = "[No Variations]"
Add component (AddParameter): Name = "Tolerance"; Value = "5 %"; VariantName = "[No Variations]"
Add component (AddParameter): Name = "Value"; Value = "1000.00 Ohm"; VariantName = "[No Variations]"
Added Component: Designator=R4(RESC2013X60X40ML20T25)
Add component (AddParameter): Name = "Manufacturer"; Value = "Panasonic"; VariantName = "[No Variations]"
Add component (AddParameter): Name = "Part Number"; Value = "ERA6AEB123V"; VariantName = "[No Variations]"
Added Component: Designator=Rusb1(RESC1608X55X25ML10T15)
Add component (AddParameter): Name = "Manufacturer"; Value = "Yageo"; VariantName = "[No Variations]"
Add component (AddParameter): Name = "Part Number"; Value = "RC0603FR-075K1L"; VariantName = "[No Variations]"
Added Component: Designator=Rusb2(RESC1608X55X25ML10T15)
Add component (AddParameter): Name = "Manufacturer"; Value = "Yageo"; VariantName = "[No Variations]"
Add component (AddParameter): Name = "Part Number"; Value = "RC0603FR-075K1L"; VariantName = "[No Variations]"
Added Component: Designator=U1(FP-C04-065-SL-MFG)
Add component (AddParameter): Name = "Ambient Temperature Range High"; Value = "+85°C"; VariantName = "[No Variations]"
Add component (AddParameter): Name = "Ambient Temperature Range Low"; Value = "-40°C"; VariantName = "[No Variations]"
Add component (AddParameter): Name = "Automotive"; Value = "Yes"; VariantName = "[No Variations]"
Add component (AddParameter): Name = "Automotive Grade"; Value = "Grade 3"; VariantName = "[No Variations]"
Add component (AddParameter): Name = "Category"; Value = "IC"; VariantName = "[No Variations]"
Add component (AddParameter): Name = "ComponentLink2Description"; Value = "Datasheet"; VariantName = "[No Variations]"
Add component (AddParameter): Name = "ComponentLink2URL"; Value = "http://ww1.microchip.com/downloads/en/DeviceDoc/20005565B.pdf"; VariantName = "[No Variations]"
Add component (AddParameter): Name = "Data Rate"; Value = "12Mbits/s"; VariantName = "[No Variations]"
Add component (AddParameter): Name = "Device Class L1"; Value = "Integrated Circuits (ICs)"; VariantName = "[No Variations]"
Add component (AddParameter): Name = "Device Class L2"; Value = "Interface ICs"; VariantName = "[No Variations]"
Add component (AddParameter): Name = "Device Class L3"; Value = "USB Interface ICs"; VariantName = "[No Variations]"
Add component (AddParameter): Name = "Digikey Description"; Value = "IC USB TO I2C/UART 14SOIC"; VariantName = "[No Variations]"
Add component (AddParameter): Name = "Footprint Url"; Value = "http://ww1.microchip.com/downloads/en/DeviceDoc/14L%20SOIC%203_90%20mm%20%28SL%29%20C04-00065d.pdf"; VariantName = "[No Variations]"
Add component (AddParameter): Name = "Height"; Value = "1.75mm"; VariantName = "[No Variations]"
Add component (AddParameter): Name = "Interface"; Value = "I2C,UART,USB"; VariantName = "[No Variations]"
Add component (AddParameter): Name = "Ipc Land Pattern Name"; Value = "SOIC127P600X175-14"; VariantName = "[No Variations]"
Add component (AddParameter): Name = "Lead Free"; Value = "Yes"; VariantName = "[No Variations]"
Add component (AddParameter): Name = "Manufacturer"; Value = "Microchip"; VariantName = "[No Variations]"
Add component (AddParameter): Name = "Manufacturer Part Number"; Value = "MCP2221A-I/SL"; VariantName = "[No Variations]"
Add component (AddParameter): Name = "Max Junction Temp"; Value = "+150°C"; VariantName = "[No Variations]"
Add component (AddParameter): Name = "Max Supply Voltage"; Value = "5.5V"; VariantName = "[No Variations]"
Add component (AddParameter): Name = "Min Supply Voltage"; Value = "3V"; VariantName = "[No Variations]"
Add component (AddParameter): Name = "Nominal Supply Current"; Value = "10-13mA"; VariantName = "[No Variations]"
Add component (AddParameter): Name = "Octopart"; Value = "https://octopart.com/mcp2221a-i%2Fsl-microchip-71704986"; VariantName = "[No Variations]"
Add component (AddParameter): Name = "Package"; Value = "C04-065-SL"; VariantName = "[No Variations]"
Add component (AddParameter): Name = "RoHS"; Value = "TRUE"; VariantName = "[No Variations]"
Add component (AddParameter): Name = "Standoff Height"; Value = "0.1mm"; VariantName = "[No Variations]"
Add component (AddParameter): Name = "Temperature"; Value = "-40°C to +85°C"; VariantName = "[No Variations]"
Add component (AddParameter): Name = "Temperature Range High"; Value = "+85°C"; VariantName = "[No Variations]"
Add component (AddParameter): Name = "Temperature Range Low"; Value = "-40°C"; VariantName = "[No Variations]"
Add component (AddParameter): Name = "Usb Standard"; Value = "USB 2.0"; VariantName = "[No Variations]"
Added Component: Designator=U2(DCY0004A_L)
Add component (AddParameter): Name = "Code_IPC"; Value = "SOT223-4"; VariantName = "[No Variations]"
Add component (AddParameter): Name = "Code_JEDEC"; Value = "TO-261-AA"; VariantName = "[No Variations]"
Add component (AddParameter): Name = "Code_JEITA"; Value = ""; VariantName = "[No Variations]"
Add component (AddParameter): Name = "ComponentLink1Description"; Value = "Datasheet URL"; VariantName = "[No Variations]"
Add component (AddParameter): Name = "ComponentLink1URL"; Value = "http://www.ti.com/general/docs/lit/getliterature.tsp?genericPartNumber=LM1117-N&fileType=pdf"; VariantName = "[No Variations]"
Add component (AddParameter): Name = "CompType"; Value = "LDO IC"; VariantName = "[No Variations]"
Add component (AddParameter): Name = "High-Reliability"; Value = "Y"; VariantName = "[No Variations]"
Add component (AddParameter): Name = "Manufacturer"; Value = "Texas Instruments"; VariantName = "[No Variations]"
Add component (AddParameter): Name = "PackageDescription"; Value = "Molded SOT-223, 6.50 x 3.56 x 1.6mm Body, 4 Lead, 2.3mm Pitch"; VariantName = "[No Variations]"
Add component (AddParameter): Name = "PackageReference"; Value = "DCY0004A"; VariantName = "[No Variations]"
Add component (AddParameter): Name = "PackageTopMarking"; Value = "XYTT*N05A"; VariantName = "[No Variations]"
Add component (AddParameter): Name = "PartNumber"; Value = "LM1117MP-3.3/NOPB"; VariantName = "[No Variations]"
Add component (AddParameter): Name = "PinCount"; Value = "4"; VariantName = "[No Variations]"
Add component (AddParameter): Name = "PowerWise"; Value = "N"; VariantName = "[No Variations]"
Add component (AddParameter): Name = "RoHS"; Value = "Y"; VariantName = "[No Variations]"
Added Component: Designator=UART5_RX(1206_A)
Add component (AddParameter): Name = "Color"; Value = "Green"; VariantName = "[No Variations]"
Add component (AddParameter): Name = "ComponentLink1Description"; Value = "Manufacturer URL"; VariantName = "[No Variations]"
Add component (AddParameter): Name = "ComponentLink1URL"; Value = "http://www.we-online.com"; VariantName = "[No Variations]"
Add component (AddParameter): Name = "ComponentLink2Description"; Value = "Datasheet"; VariantName = "[No Variations]"
Add component (AddParameter): Name = "ComponentLink2URL"; Value = "http://katalog.we-online.com/led/datasheet/150120GS75000.pdf"; VariantName = "[No Variations]"
Add component (AddParameter): Name = "Manufacturer"; Value = "Wuerth Elektronik"; VariantName = "[No Variations]"
Add component (AddParameter): Name = "PackageReference"; Value = "1206_A"; VariantName = "[No Variations]"
Add component (AddParameter): Name = "PartNumber"; Value = "150120GS75000"; VariantName = "[No Variations]"
Added Component: Designator=UART5_TX(1206_A)
Add component (AddParameter): Name = "Color"; Value = "Green"; VariantName = "[No Variations]"
Add component (AddParameter): Name = "ComponentLink1Description"; Value = "Manufacturer URL"; VariantName = "[No Variations]"
Add component (AddParameter): Name = "ComponentLink1URL"; Value = "http://www.we-online.com"; VariantName = "[No Variations]"
Add component (AddParameter): Name = "ComponentLink2Description"; Value = "Datasheet"; VariantName = "[No Variations]"
Add component (AddParameter): Name = "ComponentLink2URL"; Value = "http://katalog.we-online.com/led/datasheet/150120GS75000.pdf"; VariantName = "[No Variations]"
Add component (AddParameter): Name = "Manufacturer"; Value = "Wuerth Elektronik"; VariantName = "[No Variations]"
Add component (AddParameter): Name = "PackageReference"; Value = "1206_A"; VariantName = "[No Variations]"
Add component (AddParameter): Name = "PartNumber"; Value = "150120GS75000"; VariantName = "[No Variations]"
Added Component: Designator=USB-C(FP-USB4085-GF-A-MFG)
Add component (AddParameter): Name = "Automotive"; Value = "No"; VariantName = "[No Variations]"
Add component (AddParameter): Name = "Category"; Value = "Conn"; VariantName = "[No Variations]"
Add component (AddParameter): Name = "ComponentLink2Description"; Value = "Datasheet"; VariantName = "[No Variations]"
Add component (AddParameter): Name = "ComponentLink2URL"; Value = "https://gct.co/files/drawings/usb4085.pdf"; VariantName = "[No Variations]"
Add component (AddParameter): Name = "Conn Orientation"; Value = "Right Angle"; VariantName = "[No Variations]"
Add component (AddParameter): Name = "Contact Material"; Value = "Gold,Nickel"; VariantName = "[No Variations]"
Add component (AddParameter): Name = "Current Rating"; Value = "4.25A"; VariantName = "[No Variations]"
Add component (AddParameter): Name = "Device Class L1"; Value = "Connectors"; VariantName = "[No Variations]"
Add component (AddParameter): Name = "Device Class L2"; Value = "USB Connectors"; VariantName = "[No Variations]"
Add component (AddParameter): Name = "Device Class L3"; Value = "unset"; VariantName = "[No Variations]"
Add component (AddParameter): Name = "Digikey Description"; Value = "CONN RCPT USB2.0 TYPEC 16POS"; VariantName = "[No Variations]"
Add component (AddParameter): Name = "Height"; Value = "3.66mm"; VariantName = "[No Variations]"
Add component (AddParameter): Name = "Is Female"; Value = "yes"; VariantName = "[No Variations]"
Add component (AddParameter): Name = "Lead Free"; Value = "Yes"; VariantName = "[No Variations]"
Add component (AddParameter): Name = "Manufacturer"; Value = "Global Connector Technology"; VariantName = "[No Variations]"
Add component (AddParameter): Name = "Manufacturer Part Number"; Value = "USB4085-GF-A"; VariantName = "[No Variations]"
Add component (AddParameter): Name = "Number Of Contacts"; Value = "16"; VariantName = "[No Variations]"
Add component (AddParameter): Name = "Octopart"; Value = "https://octopart.com/usb4085-gf-a-global+connector+technology-94773699"; VariantName = "[No Variations]"
Add component (AddParameter): Name = "Package"; Value = "0"; VariantName = "[No Variations]"
Add component (AddParameter): Name = "Pitch"; Value = "0.85mm"; VariantName = "[No Variations]"
Add component (AddParameter): Name = "RoHS"; Value = "TRUE"; VariantName = "[No Variations]"
Add component (AddParameter): Name = "Shielding"; Value = "true"; VariantName = "[No Variations]"
Add component (AddParameter): Name = "Temperature"; Value = "-40°C to +85°C"; VariantName = "[No Variations]"
Add component (AddParameter): Name = "Temperature Range High"; Value = "+85°C"; VariantName = "[No Variations]"
Add component (AddParameter): Name = "Temperature Range Low"; Value = "-40°C"; VariantName = "[No Variations]"
Add component (AddParameter): Name = "Usb Standard"; Value = "USB 2.0"; VariantName = "[No Variations]"
Add component (AddParameter): Name = "Voltage Rating"; Value = "20V"; VariantName = "[No Variations]"
Added Pin To Net: NetName=GND Pin=C1-1
Added Pin To Net: NetName=GND Pin=C2-2
Added Pin To Net: NetName=GND Pin=C3-2
Added Pin To Net: NetName=GND Pin=HEADER-2
Added Pin To Net: NetName=GND Pin=HEADER-23
Added Pin To Net: NetName=GND Pin=J1-20
Added Pin To Net: NetName=GND Pin=J1-22
Added Pin To Net: NetName=GND Pin=JOYSTICK-5
Added Pin To Net: NetName=GND Pin=JOYSTICK-5
Added Pin To Net: NetName=GND Pin=JOYSTICK-5
Added Pin To Net: NetName=GND Pin=JOYSTICK-5
Added Pin To Net: NetName=GND Pin=JOYSTICK-5
Added Pin To Net: NetName=GND Pin=NOKIA5110LCD-8
Added Pin To Net: NetName=GND Pin=NOKIA5110LCD-8
Added Pin To Net: NetName=GND Pin=NOKIA5110LCD-8
Added Pin To Net: NetName=GND Pin=NOKIA5110LCD-8
Added Pin To Net: NetName=GND Pin=NOKIA5110LCD-8
Added Pin To Net: NetName=GND Pin=PWR-1
Added Pin To Net: NetName=GND Pin=Rusb1-1
Added Pin To Net: NetName=GND Pin=Rusb2-1
Added Pin To Net: NetName=GND Pin=U1-14
Added Pin To Net: NetName=GND Pin=U2-1
Added Pin To Net: NetName=GND Pin=USB-C-1
Added Pin To Net: NetName=GND Pin=USB-C-2
Added Pin To Net: NetName=GND Pin=USB-C-3
Added Pin To Net: NetName=GND Pin=USB-C-4
Added Pin To Net: NetName=GND Pin=USB-C-A1
Added Pin To Net: NetName=GND Pin=USB-C-A12
Added Pin To Net: NetName=GND Pin=USB-C-B1
Added Pin To Net: NetName=GND Pin=USB-C-B12
Added Pin To Net: NetName=+3V3 Pin=C3-1
Added Pin To Net: NetName=+3V3 Pin=HEADER-1
Added Pin To Net: NetName=+3V3 Pin=J1-1
Added Pin To Net: NetName=+3V3 Pin=JOYSTICK-1
Added Pin To Net: NetName=+3V3 Pin=NOKIA5110LCD-6
Added Pin To Net: NetName=+3V3 Pin=R4-2
Added Pin To Net: NetName=+3V3 Pin=U2-2
Added Pin To Net: NetName=+3V3 Pin=U2-4
Added Net: Name=+3V3
Added Pin To Net: NetName=+5V Pin=C2-1
Added Pin To Net: NetName=+5V Pin=HEADER-21
Added Pin To Net: NetName=+5V Pin=R1-1
Added Pin To Net: NetName=+5V Pin=R2-1
Added Pin To Net: NetName=+5V Pin=R3-2
Added Pin To Net: NetName=+5V Pin=U1-1
Added Pin To Net: NetName=+5V Pin=U2-3
Added Pin To Net: NetName=+5V Pin=USB-C-A4
Added Pin To Net: NetName=+5V Pin=USB-C-A9
Added Pin To Net: NetName=+5V Pin=USB-C-B4
Added Pin To Net: NetName=+5V Pin=USB-C-B9
Added Net: Name=+5V
Added Pin To Net: NetName=JOYSTICK_X Pin=HEADER-35
Added Pin To Net: NetName=JOYSTICK_X Pin=J1-28
Added Pin To Net: NetName=JOYSTICK_X Pin=JOYSTICK-3
Added Net: Name=JOYSTICK_X
Added Pin To Net: NetName=JOYSTICK_Y Pin=HEADER-37
Added Pin To Net: NetName=JOYSTICK_Y Pin=J1-29
Added Pin To Net: NetName=JOYSTICK_Y Pin=JOYSTICK-2
Added Net: Name=JOYSTICK_Y
Added Pin To Net: NetName=LCD_CE Pin=HEADER-18
Added Pin To Net: NetName=LCD_CE Pin=J1-12
Added Pin To Net: NetName=LCD_CE Pin=NOKIA5110LCD-2
Added Net: Name=LCD_CE
Added Pin To Net: NetName=LCD_CLK Pin=HEADER-20
Added Pin To Net: NetName=LCD_CLK Pin=J1-11
Added Pin To Net: NetName=LCD_CLK Pin=NOKIA5110LCD-5
Added Net: Name=LCD_CLK
Added Pin To Net: NetName=LCD_DIN Pin=HEADER-15
Added Pin To Net: NetName=LCD_DIN Pin=J1-8
Added Pin To Net: NetName=LCD_DIN Pin=NOKIA5110LCD-4
Added Net: Name=LCD_DIN
Added Pin To Net: NetName=LCD_DO Pin=HEADER-17
Added Pin To Net: NetName=LCD_DO Pin=J1-9
Added Pin To Net: NetName=LCD_DO Pin=NOKIA5110LCD-3
Added Net: Name=LCD_DO
Added Pin To Net: NetName=LCD_RST Pin=HEADER-19
Added Pin To Net: NetName=LCD_RST Pin=J1-10
Added Pin To Net: NetName=LCD_RST Pin=NOKIA5110LCD-1
Added Net: Name=LCD_RST
Added Pin To Net: NetName=NetC1_2 Pin=C1-2
Added Pin To Net: NetName=NetC1_2 Pin=U1-11
Added Net: Name=NetC1_2
Added Pin To Net: NetName=NetNOKIA5110LCD_7 Pin=NOKIA5110LCD-7
Added Pin To Net: NetName=NetNOKIA5110LCD_7 Pin=R4-1
Added Net: Name=NetNOKIA5110LCD_7
Added Pin To Net: NetName=NetPWR_2 Pin=PWR-2
Added Pin To Net: NetName=NetPWR_2 Pin=R3-1
Added Net: Name=NetPWR_2
Added Pin To Net: NetName=NetR1_2 Pin=R1-2
Added Pin To Net: NetName=NetR1_2 Pin=UART5_RX-2
Added Net: Name=NetR1_2
Added Pin To Net: NetName=NetR2_2 Pin=R2-2
Added Pin To Net: NetName=NetR2_2 Pin=UART5_TX-2
Added Net: Name=NetR2_2
Added Pin To Net: NetName=NetRusb1_2 Pin=Rusb1-2
Added Pin To Net: NetName=NetRusb1_2 Pin=USB-C-A5
Added Net: Name=NetRusb1_2
Added Pin To Net: NetName=NetRusb2_2 Pin=Rusb2-2
Added Pin To Net: NetName=NetRusb2_2 Pin=USB-C-B5
Added Net: Name=NetRusb2_2
Added Pin To Net: NetName=PA4 Pin=HEADER-16
Added Pin To Net: NetName=PA4 Pin=J1-13
Added Net: Name=PA4
Added Pin To Net: NetName=PB0 Pin=HEADER-5
Added Pin To Net: NetName=PB0 Pin=J1-3
Added Net: Name=PB0
Added Pin To Net: NetName=PB1 Pin=HEADER-7
Added Pin To Net: NetName=PB1 Pin=J1-4
Added Net: Name=PB1
Added Pin To Net: NetName=PB2 Pin=HEADER-4
Added Pin To Net: NetName=PB2 Pin=J1-19
Added Net: Name=PB2
Added Pin To Net: NetName=PB3 Pin=HEADER-26
Added Pin To Net: NetName=PB3 Pin=J1-38
Added Net: Name=PB3
Added Pin To Net: NetName=PB4 Pin=HEADER-13
Added Pin To Net: NetName=PB4 Pin=J1-7
Added Net: Name=PB4
Added Pin To Net: NetName=PB5 Pin=HEADER-3
Added Pin To Net: NetName=PB5 Pin=J1-2
Added Net: Name=PB5
Added Pin To Net: NetName=PB6 Pin=HEADER-14
Added Pin To Net: NetName=PB6 Pin=J1-14
Added Net: Name=PB6
Added Pin To Net: NetName=PB7 Pin=HEADER-12
Added Pin To Net: NetName=PB7 Pin=J1-15
Added Net: Name=PB7
Added Pin To Net: NetName=PC4 Pin=HEADER-28
Added Pin To Net: NetName=PC4 Pin=J1-37
Added Net: Name=PC4
Added Pin To Net: NetName=PC5 Pin=HEADER-30
Added Pin To Net: NetName=PC5 Pin=J1-36
Added Net: Name=PC5
Added Pin To Net: NetName=PC6 Pin=HEADER-32
Added Pin To Net: NetName=PC6 Pin=J1-35
Added Net: Name=PC6
Added Pin To Net: NetName=PC7 Pin=HEADER-34
Added Pin To Net: NetName=PC7 Pin=J1-34
Added Net: Name=PC7
Added Pin To Net: NetName=PD0 Pin=HEADER-25
Added Pin To Net: NetName=PD0 Pin=J1-23
Added Net: Name=PD0
Added Pin To Net: NetName=PD1 Pin=HEADER-27
Added Pin To Net: NetName=PD1 Pin=J1-24
Added Net: Name=PD1
Added Pin To Net: NetName=PD2 Pin=HEADER-29
Added Pin To Net: NetName=PD2 Pin=J1-25
Added Net: Name=PD2
Added Pin To Net: NetName=PD3 Pin=HEADER-31
Added Pin To Net: NetName=PD3 Pin=J1-26
Added Net: Name=PD3
Added Pin To Net: NetName=PD6 Pin=HEADER-36
Added Pin To Net: NetName=PD6 Pin=J1-33
Added Net: Name=PD6
Added Pin To Net: NetName=PD7 Pin=HEADER-38
Added Pin To Net: NetName=PD7 Pin=J1-32
Added Net: Name=PD7
Added Pin To Net: NetName=PE0 Pin=HEADER-6
Added Pin To Net: NetName=PE0 Pin=J1-18
Added Net: Name=PE0
Added Pin To Net: NetName=PE1 Pin=HEADER-33
Added Pin To Net: NetName=PE1 Pin=J1-27
Added Net: Name=PE1
Added Pin To Net: NetName=PF0 Pin=HEADER-8
Added Pin To Net: NetName=PF0 Pin=J1-17
Added Net: Name=PF0
Added Pin To Net: NetName=PF1 Pin=HEADER-39
Added Pin To Net: NetName=PF1 Pin=J1-30
Added Net: Name=PF1
Added Pin To Net: NetName=PF2 Pin=HEADER-22
Added Pin To Net: NetName=PF2 Pin=J1-40
Added Net: Name=PF2
Added Pin To Net: NetName=PF3 Pin=HEADER-24
Added Pin To Net: NetName=PF3 Pin=J1-39
Added Net: Name=PF3
Added Pin To Net: NetName=PF4 Pin=HEADER-40
Added Pin To Net: NetName=PF4 Pin=J1-31
Added Net: Name=PF4
Added Pin To Net: NetName=RX_LED Pin=U1-2
Added Pin To Net: NetName=RX_LED Pin=UART5_RX-1
Added Net: Name=RX_LED
Added Pin To Net: NetName=TIVA_UART5_RX Pin=HEADER-9
Added Pin To Net: NetName=TIVA_UART5_RX Pin=J1-5
Added Pin To Net: NetName=TIVA_UART5_RX Pin=U1-6
Added Net: Name=TIVA_UART5_RX
Added Pin To Net: NetName=TIVA_UART5_TX Pin=HEADER-11
Added Pin To Net: NetName=TIVA_UART5_TX Pin=J1-6
Added Pin To Net: NetName=TIVA_UART5_TX Pin=U1-5
Added Net: Name=TIVA_UART5_TX
Added Pin To Net: NetName=TX_LED Pin=U1-3
Added Pin To Net: NetName=TX_LED Pin=UART5_TX-1
Added Net: Name=TX_LED
Added Pin To Net: NetName=USBC-DM Pin=U1-12
Added Pin To Net: NetName=USBC-DM Pin=USB-C-A7
Added Pin To Net: NetName=USBC-DM Pin=USB-C-B7
Added Net: Name=USBC-DM
Added Pin To Net: NetName=USBC-DP Pin=U1-13
Added Pin To Net: NetName=USBC-DP Pin=USB-C-A6
Added Pin To Net: NetName=USBC-DP Pin=USB-C-B6
Added Net: Name=USBC-DP
Added Class: Name=MSE450_G05_ASTEROIDS
Added Room: Name=MSE450_G05_ASTEROIDS
