Removed Pin From Net: NetName=GND Pin=HEADER-2
Removed Pin From Net: NetName=PB2 Pin=HEADER-4
Removed Pin From Net: NetName=PE0 Pin=HEADER-6
Removed Pin From Net: NetName=PF0 Pin=HEADER-8
Removed Pin From Net: NetName=PB7 Pin=HEADER-12
Removed Pin From Net: NetName=PB6 Pin=HEADER-14
Removed Pin From Net: NetName=PA4 Pin=HEADER-16
Removed Pin From Net: NetName=LCD_CE Pin=HEADER-18
Removed Pin From Net: NetName=LCD_CLK Pin=HEADER-20
Removed Pin From Net: NetName=+5V Pin=HEADER-21
Removed Pin From Net: NetName=GND Pin=HEADER-23
Removed Pin From Net: NetName=PD0 Pin=HEADER-25
Removed Pin From Net: NetName=PD1 Pin=HEADER-27
Removed Pin From Net: NetName=PD2 Pin=HEADER-29
Removed Pin From Net: NetName=PD3 Pin=HEADER-31
Removed Pin From Net: NetName=PE1 Pin=HEADER-33
Removed Pin From Net: NetName=JOYSTICK_X Pin=HEADER-35
Removed Pin From Net: NetName=JOYSTICK_Y Pin=HEADER-37
Removed Pin From Net: NetName=PF1 Pin=HEADER-39
Added Pin To Net: NetName=+5V Pin=HEADER-2
Added Pin To Net: NetName=GND Pin=HEADER-4
Added Pin To Net: NetName=PD0 Pin=HEADER-6
Added Pin To Net: NetName=PD1 Pin=HEADER-8
Added Pin To Net: NetName=PD2 Pin=HEADER-10
Added Pin To Net: NetName=PD3 Pin=HEADER-12
Added Pin To Net: NetName=PE1 Pin=HEADER-14
Added Pin To Net: NetName=JOYSTICK_X Pin=HEADER-16
Added Pin To Net: NetName=JOYSTICK_Y Pin=HEADER-18
Added Pin To Net: NetName=PF1 Pin=HEADER-20
Added Pin To Net: NetName=GND Pin=HEADER-21
Added Pin To Net: NetName=PB2 Pin=HEADER-23
Added Pin To Net: NetName=PE0 Pin=HEADER-25
Added Pin To Net: NetName=PF0 Pin=HEADER-27
Added Pin To Net: NetName=PB7 Pin=HEADER-31
Added Pin To Net: NetName=PB6 Pin=HEADER-33
Added Pin To Net: NetName=PA4 Pin=HEADER-35
Added Pin To Net: NetName=LCD_CE Pin=HEADER-37
Added Pin To Net: NetName=LCD_CLK Pin=HEADER-39
